<?xml version="1.0" encoding="UTF-8"?>
<testng-results skipped="0" failed="0" ignored="0" total="1" passed="1">
  <reporter-output>
  </reporter-output>
  <suite name="Default suite" duration-ms="27517" started-at="2019-12-13T13:49:04 CST" finished-at="2019-12-13T13:49:31 CST">
    <groups>
    </groups>
    <test name="Default test" duration-ms="27517" started-at="2019-12-13T13:49:04 CST" finished-at="2019-12-13T13:49:31 CST">
      <class name="test.LoginTest">
        <test-method status="PASS" signature="validUserShouldBeAbleLogin()[pri:0, instance:test.LoginTest@1329eff]" name="validUserShouldBeAbleLogin" duration-ms="27465" started-at="2019-12-13T13:49:04 CST" finished-at="2019-12-13T13:49:31 CST">
          <reporter-output>
          </reporter-output>
        </test-method> <!-- validUserShouldBeAbleLogin -->
      </class> <!-- test.LoginTest -->
    </test> <!-- Default test -->
  </suite> <!-- Default suite -->
</testng-results>
